100000
99687
100026
100179
100260
100050
0
100074
100018
99813
100248
100281
100225
100219
100220
99762
100025
99737
99839
100123
99691
99968
100199
100291
100018
100103
99846
99614
99860
99856
99701
100170
100013
99727
99856
99627
99795
99594
99934
100073
100061
100224
99665
99941
100116
99972
100061
100004
100262
99707
100322
99627
99603
99993
100130
99587
99604
99900
100313
99810
99606
100179
99920
100077
100209
100014
100108
100151
99802
99787
100217
100030
100137
99732
100124
99821
100285
99766
99638
100296
99782
99868
99756
100205
99850
100223
99855
100239
99897
100023
99719
99722
100193
99812
100122
99754
99891
100295
100098
100107
100102
100285
99675
99694
99605
100121
100142
100270
99897
100305
99648
99731
99985
99941
100094
99584
99835
100223
99989
99840
99712
99803
99943
100016
99693
99728
99786
99734
100077
100069
99679
99902
99637
100240
100281
100290
100079
100057
99936
99681
99921
100130
100096
100107
99691
99794
99935
100124
100254
99747
99678
99649
99919
100236
99711
99825
100034
99957
99886
99775
99950
100080
99982
100252
99919
100056
100108
99931
100065
99856
99796
100039
99926
100187
100177
100329
100269
100131
100058
99671
99703
100053
100095
100200
99992
100187
99680
100144
99646
100179
99925
99796
99971
100234
99953
100226
100067
99824
100158
99666
99875
100134
99710
100305
99830
99980
99958
100073
100007
99832
99924
100159
100280
99642
100120
99846
99690
99849
99652
100036
0
99640
99674
99644
99725
99840
99968
100143
99732
100196
100241
100030
100193
100193
100070
0
99859
100179
99923
99867
99609
100055
100040
99844
100035
100267
100232
100167
99755
100281
99827
100311
99951
99794
99733
99610
99865
99737
99782
99620
99988
100266
99724
100118
99976
99917
99604
99753
99865
100040
100187
99999
100080
99893
100166
100243
99692
99930
100175
100197
99828
99983
100062
100162
100264
99840
99602
100135
99941
99957
100081
99875
99910
100176
100194
100324
99866
99797
100031
100213
99733
99981
100050
100112
100030
100302
99654
99707
99993
100065
99670
99877
99998
100228
99814
100245
99688
99994
99967
99897
100201
99633
99889
100124
100195
100261
99811
99923
99949
99976
99871
100191
99694
99949
100158
100319
100108
99839
100020
100152
99870
99674
100024
100036
100148
99714
99771
100094
100146
99653
100132
100155
99899
99757
99710
99698
100142
0
99701
100107
100042
100172
100151
99991
100151
100133
99880
100163
99915
99642
100152
99764
100165
100218
99987
100236
100043
99719
100207
100248
99889
100294
100252
99950
99704
99670
99622
100174
99591
100279
100085
99776
99951
99738
99681
99938
99721
99696
99602
99594
99988
99798
99892
100305
100039
99909
100160
100214
99950
99686
99797
100100
99739
100069
100289
99944
100297
99865
100164
99998
99796
100145
99922
100001
99884
99932
100251
99674
99930
99598
100298
100244
100075
99943
99651
99852
100246
99670
99626
99893
99594
0
100155
100048
99875
99891
100138
100243
99784
100168
100238
99872
99984
99762
99656
100257
99797
100062
100034
99910
99831
99970
100153
99985
99659
100098
99587
99761
99869
99976
100268
100066
99915
99971
99771
99834
99819
99908
99810
99890
99722
100288
99874
100292
100080
99936
99808
100004
99616
99867
100083
100124
99645
99695
99900
99754
100176
100178
99694
99689
100304
100217
99717
100269
100032
99940
100008
99727
99651
99792
99761
99863
99931
100105
99793
99627
100009
99699
99921
100067
99691
100140
99601
99920
99643
100216
99756
100003
100015
100194
99854
99915
0
99612
99635
100208
99793
99967
100166
100315
99840
99658
99756
100030
100127
99740
100113
99741
99827
99900
99777
100249
99863
99585
99956
99605
99638
99876
100283
99876
100030
100003
100139
99902
99755
99804
100222
100240
100259
100260
100148
100003
99866
99927
100097
99743
99781
99799
100042
100053
99950
99768
99961
100000
99919
100033
99893
99914
100111
100087
99797
99882
99782
99872
100226
99793
99801
99707
0
100201
99726
99971
99834
99943
0
99680
99843
99999
100313
100202
99770
100059
100305
99878
99802
99704
100119
100140
99817
100244
100269
100187
99825
100012
99779
99644
99739
100199
100197
100214
100222
100040
99666
100301
99925
100193
99696
99819
99826
100218
100127
99740
100328
100065
99711
99975
99680
100223
99681
99968
99803
100153
100053
100079
99737
99636
99779
100083
99907
99842
100296
99984
99864
99941
100286
99918
99806
100017
100232
100174
100161
100057
100031
100102
99918
99643
100086
99825
100011
100047
99762
99897
100037
100239
100075
0
100143
100130
99976
100248
100139
99693
99802
99629
99909
100233
99708
99717
100232
100038
100047
99622
99959
99764
0
100023
99886
100246
99861
99678
99689
0
100255
100229
100093
100130
100163
99585
100188
99962
100021
100111
99710
99841
99971
100045
99657
99699
100072
99814
100150
99656
100323
100026
100125
99599
100274
100199
99716
100047
99887
99818
99906
100241
99776
100119
100026
100001
99921
99638
100306
100321
100037
100053
99588
99609
99638
99845
99947
99801
100195
99941
99636
99854
100123
99924
99603
100197
99637
99861
100286
100295
100025
99972
99640
100034
100112
100300
99957
99602
99802
99603
99673
99899
99586
99941
99857
99691
100039
99905
100092
99912
100144
99892
99656
100147
99810
99912
99861
99654
100063
99663
100186
100324
100294
100092
100125
100182
100278
99956
99664
100245
99600
99791
99985
100147
99751
99639
99984
99799
99651
100280
99985
99850
100141
0
100064
99632
100307
99808
99818
99723
99701
100089
99794
100281
99767
99681
99610
99846
100046
100015
99611
100283
99668
100266
100001
99579
100234
100092
100133
99706
100113
100150
100030
99584
100145
100125
99649
99908
99700
99702
100020
99851
99665
100256
99747
100305
99811
100208
99899
0
100050
100149
99899
100126
99743
99842
99714
99879
100275
99827
99830
99999
99906
99802
99890
100309
100088
100160
99831
99665
100104
99615
100211
100149
0
99934
99751
99654
100212
99876
100045
100211
99727
100052
100227
100212
99858
100084
100169
100124
99823
100247
100002
100041
100003
100057
99770
99900
99593
99988
99914
99673
99971
100145
99946
100216
100094
100161
99681
99590
100029
99896
99860
100139
99683
99584
100305
99852
100126
99762
99671
99804
100198
99682
99738
100040
100090
100257
99904
99832
100022
99766
99858
99711
99583
100269
99831
99725
99786
99698
99614
100209
100163
99692
99716
100235
99977
100238
99876
100078
100033
100171
99793
100136
100042
100008
99773
99993
100307
100198
99742
99863
100153
100016
100044
99630
99884
100058
100131
99872
99606
99624
99694
99700
99628
99959
100260
